frameworks/runtime-src/proj.android-studio/app/build/outputs/logs/manifest-merger-debug-report.txt
-- Merging decision tree log ---
manifest
ADDED from proj.android-studio/app/AndroidManifest.xml:2:1-125:12
	package
		ADDED from proj.android-studio/app/AndroidManifest.xml:3:11-40
		INJECTED from proj.android-studio/app/AndroidManifest.xml
		INJECTED from proj.android-studio/app/AndroidManifest.xml
	android:versionName
		INJECTED from proj.android-studio/app/AndroidManifest.xml
		INJECTED from proj.android-studio/app/AndroidManifest.xml
	xmlns:android
		ADDED from proj.android-studio/app/AndroidManifest.xml:2:11-69
	android:versionCode
		INJECTED from proj.android-studio/app/AndroidManifest.xml
		INJECTED from proj.android-studio/app/AndroidManifest.xml
	android:installLocation
		ADDED from proj.android-studio/app/AndroidManifest.xml:4:11-41
uses-permission#android.permission.ACCESS_NETWORK_STATE
ADDED from proj.android-studio/app/AndroidManifest.xml:5:5-79
MERGED from [proj.android-studio:push:unspecified] AndroidManifest.xml:12:5-79
	android:name
		ADDED from proj.android-studio/app/AndroidManifest.xml:5:22-76
uses-permission#android.permission.ACCESS_WIFI_STATE
ADDED from proj.android-studio/app/AndroidManifest.xml:6:5-76
MERGED from [proj.android-studio:push:unspecified] AndroidManifest.xml:13:5-76
	android:name
		ADDED from proj.android-studio/app/AndroidManifest.xml:6:22-73
uses-permission#android.permission.READ_PHONE_STATE
ADDED from proj.android-studio/app/AndroidManifest.xml:7:5-75
MERGED from [proj.android-studio:push:unspecified] AndroidManifest.xml:16:5-75
	android:name
		ADDED from proj.android-studio/app/AndroidManifest.xml:7:22-72
uses-permission#android.permission.WRITE_EXTERNAL_STORAGE
ADDED from proj.android-studio/app/AndroidManifest.xml:8:5-81
MERGED from [proj.android-studio:push:unspecified] AndroidManifest.xml:14:5-81
	android:name
		ADDED from proj.android-studio/app/AndroidManifest.xml:8:22-78
uses-permission#android.permission.INTERNET
ADDED from proj.android-studio/app/AndroidManifest.xml:9:5-67
MERGED from [proj.android-studio:push:unspecified] AndroidManifest.xml:11:5-67
	android:name
		ADDED from proj.android-studio/app/AndroidManifest.xml:9:22-64
uses-permission#android.permission.READ_LOGS
ADDED from proj.android-studio/app/AndroidManifest.xml:10:5-68
	android:name
		ADDED from proj.android-studio/app/AndroidManifest.xml:10:22-65
uses-permission#android.permission.CALL_PHONE
ADDED from proj.android-studio/app/AndroidManifest.xml:11:5-69
	android:name
		ADDED from proj.android-studio/app/AndroidManifest.xml:11:22-66
uses-permission#android.permission.ACCESS_FINE_LOCATION
ADDED from proj.android-studio/app/AndroidManifest.xml:12:5-79
	android:name
		ADDED from proj.android-studio/app/AndroidManifest.xml:12:22-76
uses-permission#android.permission.ACCESS_COARSE_LOCATION
ADDED from proj.android-studio/app/AndroidManifest.xml:13:5-81
	android:name
		ADDED from proj.android-studio/app/AndroidManifest.xml:13:22-78
uses-permission#android.permission.GET_TASKS
ADDED from proj.android-studio/app/AndroidManifest.xml:15:5-68
MERGED from [proj.android-studio:push:unspecified] AndroidManifest.xml:22:5-68
	android:name
		ADDED from proj.android-studio/app/AndroidManifest.xml:15:22-65
uses-permission#android.permission.SET_DEBUG_APP
ADDED from proj.android-studio/app/AndroidManifest.xml:16:5-72
	android:name
		ADDED from proj.android-studio/app/AndroidManifest.xml:16:22-69
uses-permission#android.permission.SYSTEM_ALERT_WINDOW
ADDED from proj.android-studio/app/AndroidManifest.xml:17:5-78
	android:name
		ADDED from proj.android-studio/app/AndroidManifest.xml:17:22-75
uses-permission#android.permission.GET_ACCOUNTS
ADDED from proj.android-studio/app/AndroidManifest.xml:18:5-71
	android:name
		ADDED from proj.android-studio/app/AndroidManifest.xml:18:22-68
uses-permission#android.permission.USE_CREDENTIALS
ADDED from proj.android-studio/app/AndroidManifest.xml:19:5-74
	android:name
		ADDED from proj.android-studio/app/AndroidManifest.xml:19:22-71
uses-permission#android.permission.MANAGE_ACCOUNTS
ADDED from proj.android-studio/app/AndroidManifest.xml:20:5-74
	android:name
		ADDED from proj.android-studio/app/AndroidManifest.xml:20:22-71
uses-feature#0x00020000
ADDED from proj.android-studio/app/AndroidManifest.xml:21:5-54
	android:glEsVersion
		ADDED from proj.android-studio/app/AndroidManifest.xml:21:19-51
application
ADDED from proj.android-studio/app/AndroidManifest.xml:23:5-124:19
MERGED from [proj.android-studio:libcocos2dx:unspecified] AndroidManifest.xml:11:5-12:19
MERGED from [proj.android-studio:push:unspecified] AndroidManifest.xml:27:5-159:19
	android:allowBackup
		ADDED from proj.android-studio/app/AndroidManifest.xml:24:9-35
	android:icon
		ADDED from proj.android-studio/app/AndroidManifest.xml:26:9-43
	android:name
		ADDED from proj.android-studio/app/AndroidManifest.xml:25:9-28
meta-data#android.app.lib_name
ADDED from proj.android-studio/app/AndroidManifest.xml:29:9-30:49
	android:value
		ADDED from proj.android-studio/app/AndroidManifest.xml:30:20-46
	android:name
		ADDED from proj.android-studio/app/AndroidManifest.xml:29:20-55
activity#com.umeng.soexample.AppActivity
ADDED from proj.android-studio/app/AndroidManifest.xml:32:9-43:20
	android:screenOrientation
		ADDED from proj.android-studio/app/AndroidManifest.xml:34:13-50
	android:label
		ADDED from proj.android-studio/app/AndroidManifest.xml:36:13-45
	android:configChanges
		ADDED from proj.android-studio/app/AndroidManifest.xml:35:13-74
	android:theme
		ADDED from proj.android-studio/app/AndroidManifest.xml:37:13-71
	android:name
		ADDED from proj.android-studio/app/AndroidManifest.xml:33:13-40
intent-filter#android.intent.action.MAIN+android.intent.category.LAUNCHER
ADDED from proj.android-studio/app/AndroidManifest.xml:38:13-42:29
action#android.intent.action.MAIN
ADDED from proj.android-studio/app/AndroidManifest.xml:39:17-69
	android:name
		ADDED from proj.android-studio/app/AndroidManifest.xml:39:25-66
category#android.intent.category.LAUNCHER
ADDED from proj.android-studio/app/AndroidManifest.xml:41:17-77
	android:name
		ADDED from proj.android-studio/app/AndroidManifest.xml:41:27-74
activity#com.umeng.soexample.WBShareActivity
ADDED from proj.android-studio/app/AndroidManifest.xml:44:9-52:20
	android:screenOrientation
		ADDED from proj.android-studio/app/AndroidManifest.xml:47:13-49
	android:configChanges
		ADDED from proj.android-studio/app/AndroidManifest.xml:46:13-63
	android:name
		ADDED from proj.android-studio/app/AndroidManifest.xml:45:13-44
intent-filter#android.intent.category.DEFAULT+com.sina.weibo.sdk.action.ACTION_SDK_REQ_ACTIVITY
ADDED from proj.android-studio/app/AndroidManifest.xml:48:13-51:29
action#com.sina.weibo.sdk.action.ACTION_SDK_REQ_ACTIVITY
ADDED from proj.android-studio/app/AndroidManifest.xml:49:17-92
	android:name
		ADDED from proj.android-studio/app/AndroidManifest.xml:49:25-89
category#android.intent.category.DEFAULT
ADDED from proj.android-studio/app/AndroidManifest.xml:50:17-76
	android:name
		ADDED from proj.android-studio/app/AndroidManifest.xml:50:27-73
activity#com.sina.weibo.sdk.component.WeiboSdkBrowser
ADDED from proj.android-studio/app/AndroidManifest.xml:53:9-58:20
	android:exported
		ADDED from proj.android-studio/app/AndroidManifest.xml:57:13-37
	android:windowSoftInputMode
		ADDED from proj.android-studio/app/AndroidManifest.xml:56:13-55
	android:configChanges
		ADDED from proj.android-studio/app/AndroidManifest.xml:55:13-63
	android:name
		ADDED from proj.android-studio/app/AndroidManifest.xml:54:13-72
service#com.sina.weibo.sdk.net.DownloadService
ADDED from proj.android-studio/app/AndroidManifest.xml:59:9-60:53
	android:exported
		ADDED from proj.android-studio/app/AndroidManifest.xml:60:18-42
	android:name
		ADDED from proj.android-studio/app/AndroidManifest.xml:59:18-71
activity#com.tencent.tauth.AuthActivity
ADDED from proj.android-studio/app/AndroidManifest.xml:62:9-74:20
	android:launchMode
		ADDED from proj.android-studio/app/AndroidManifest.xml:64:13-44
	android:noHistory
		ADDED from proj.android-studio/app/AndroidManifest.xml:65:13-37
	android:name
		ADDED from proj.android-studio/app/AndroidManifest.xml:63:13-58
intent-filter#android.intent.action.VIEW+android.intent.category.BROWSABLE+android.intent.category.DEFAULT
ADDED from proj.android-studio/app/AndroidManifest.xml:66:13-73:29
action#android.intent.action.VIEW
ADDED from proj.android-studio/app/AndroidManifest.xml:67:17-69
	android:name
		ADDED from proj.android-studio/app/AndroidManifest.xml:67:25-66
category#android.intent.category.BROWSABLE
ADDED from proj.android-studio/app/AndroidManifest.xml:70:17-78
	android:name
		ADDED from proj.android-studio/app/AndroidManifest.xml:70:27-75
data
ADDED from proj.android-studio/app/AndroidManifest.xml:72:17-59
	android:scheme
		ADDED from proj.android-studio/app/AndroidManifest.xml:72:23-56
activity#com.tencent.connect.common.AssistActivity
ADDED from proj.android-studio/app/AndroidManifest.xml:75:9-79:75
	android:screenOrientation
		ADDED from proj.android-studio/app/AndroidManifest.xml:77:13-49
	android:configChanges
		ADDED from proj.android-studio/app/AndroidManifest.xml:78:13-74
	android:theme
		ADDED from proj.android-studio/app/AndroidManifest.xml:79:13-72
	android:name
		ADDED from proj.android-studio/app/AndroidManifest.xml:76:13-69
activity#com.umeng.socialize.editorpage.ShareActivity
ADDED from proj.android-studio/app/AndroidManifest.xml:81:9-85:15
	android:excludeFromRecents
		ADDED from proj.android-studio/app/AndroidManifest.xml:84:13-46
	android:theme
		ADDED from proj.android-studio/app/AndroidManifest.xml:83:13-51
	android:name
		ADDED from proj.android-studio/app/AndroidManifest.xml:82:13-72
activity#com.umeng.socialize.handler.TwitterWebActivity
ADDED from proj.android-studio/app/AndroidManifest.xml:87:9-92:48
	android:label
		ADDED from proj.android-studio/app/AndroidManifest.xml:92:13-45
	android:configChanges
		ADDED from proj.android-studio/app/AndroidManifest.xml:89:13-113
	android:theme
		ADDED from proj.android-studio/app/AndroidManifest.xml:91:13-72
	android:name
		ADDED from proj.android-studio/app/AndroidManifest.xml:88:13-74
activity#com.umeng.soexample.wxapi.WXEntryActivity
ADDED from proj.android-studio/app/AndroidManifest.xml:93:9-98:75
	android:screenOrientation
		ADDED from proj.android-studio/app/AndroidManifest.xml:97:13-49
	android:exported
		ADDED from proj.android-studio/app/AndroidManifest.xml:96:13-36
	android:configChanges
		ADDED from proj.android-studio/app/AndroidManifest.xml:95:13-74
	android:theme
		ADDED from proj.android-studio/app/AndroidManifest.xml:98:13-72
	android:name
		ADDED from proj.android-studio/app/AndroidManifest.xml:94:13-50
meta-data#UMENG_APPKEY
ADDED from proj.android-studio/app/AndroidManifest.xml:99:9-102:21
	android:value
		ADDED from proj.android-studio/app/AndroidManifest.xml:101:13-53
	android:name
		ADDED from proj.android-studio/app/AndroidManifest.xml:100:13-40
activity#com.umeng.facebook.FacebookActivity
ADDED from proj.android-studio/app/AndroidManifest.xml:106:9-110:75
	android:label
		ADDED from proj.android-studio/app/AndroidManifest.xml:109:13-45
	android:configChanges
		ADDED from proj.android-studio/app/AndroidManifest.xml:108:13-96
	android:theme
		ADDED from proj.android-studio/app/AndroidManifest.xml:110:13-72
	android:name
		ADDED from proj.android-studio/app/AndroidManifest.xml:107:13-63
provider#com.umeng.facebook.FacebookContentProvider
ADDED from proj.android-studio/app/AndroidManifest.xml:112:9-115:39
	android:authorities
		ADDED from proj.android-studio/app/AndroidManifest.xml:114:13-90
	android:exported
		ADDED from proj.android-studio/app/AndroidManifest.xml:115:13-36
	android:name
		ADDED from proj.android-studio/app/AndroidManifest.xml:113:13-70
meta-data#com.facebook.sdk.ApplicationId
ADDED from proj.android-studio/app/AndroidManifest.xml:118:9-120:55
	android:value
		ADDED from proj.android-studio/app/AndroidManifest.xml:120:13-52
	android:name
		ADDED from proj.android-studio/app/AndroidManifest.xml:119:13-58
uses-sdk
INJECTED from proj.android-studio/app/AndroidManifest.xml reason: use-sdk injection requested
MERGED from [proj.android-studio:libcocos2dx:unspecified] AndroidManifest.xml:7:5-9:41
MERGED from [proj.android-studio:push:unspecified] AndroidManifest.xml:7:5-9:41
	android:targetSdkVersion
		INJECTED from proj.android-studio/app/AndroidManifest.xml
		INJECTED from proj.android-studio/app/AndroidManifest.xml
	android:minSdkVersion
		INJECTED from proj.android-studio/app/AndroidManifest.xml
		INJECTED from proj.android-studio/app/AndroidManifest.xml
uses-permission#android.permission.WAKE_LOCK
ADDED from [proj.android-studio:push:unspecified] AndroidManifest.xml:15:5-68
	android:name
		ADDED from [proj.android-studio:push:unspecified] AndroidManifest.xml:15:22-65
uses-permission#android.permission.BROADCAST_PACKAGE_ADDED
ADDED from [proj.android-studio:push:unspecified] AndroidManifest.xml:17:5-82
	android:name
		ADDED from [proj.android-studio:push:unspecified] AndroidManifest.xml:17:22-79
uses-permission#android.permission.BROADCAST_PACKAGE_CHANGED
ADDED from [proj.android-studio:push:unspecified] AndroidManifest.xml:18:5-84
	android:name
		ADDED from [proj.android-studio:push:unspecified] AndroidManifest.xml:18:22-81
uses-permission#android.permission.BROADCAST_PACKAGE_INSTALL
ADDED from [proj.android-studio:push:unspecified] AndroidManifest.xml:19:5-84
	android:name
		ADDED from [proj.android-studio:push:unspecified] AndroidManifest.xml:19:22-81
uses-permission#android.permission.BROADCAST_PACKAGE_REPLACED
ADDED from [proj.android-studio:push:unspecified] AndroidManifest.xml:20:5-85
	android:name
		ADDED from [proj.android-studio:push:unspecified] AndroidManifest.xml:20:22-82
uses-permission#android.permission.RESTART_PACKAGES
ADDED from [proj.android-studio:push:unspecified] AndroidManifest.xml:21:5-75
	android:name
		ADDED from [proj.android-studio:push:unspecified] AndroidManifest.xml:21:22-72
uses-permission#android.permission.RECEIVE_BOOT_COMPLETED
ADDED from [proj.android-studio:push:unspecified] AndroidManifest.xml:23:5-81
	android:name
		ADDED from [proj.android-studio:push:unspecified] AndroidManifest.xml:23:22-78
uses-permission#android.permission.CHANGE_NETWORK_STATE
ADDED from [proj.android-studio:push:unspecified] AndroidManifest.xml:24:5-79
	android:name
		ADDED from [proj.android-studio:push:unspecified] AndroidManifest.xml:24:22-76
uses-permission#android.permission.CHANGE_WIFI_STATE
ADDED from [proj.android-studio:push:unspecified] AndroidManifest.xml:25:5-76
	android:name
		ADDED from [proj.android-studio:push:unspecified] AndroidManifest.xml:25:22-73
service#com.taobao.accs.ChannelService
ADDED from [proj.android-studio:push:unspecified] AndroidManifest.xml:28:9-38:19
	android:process
		ADDED from [proj.android-studio:push:unspecified] AndroidManifest.xml:31:13-39
	android:exported
		ADDED from [proj.android-studio:push:unspecified] AndroidManifest.xml:30:13-36
	android:name
		ADDED from [proj.android-studio:push:unspecified] AndroidManifest.xml:29:13-58
intent-filter#com.taobao.accs.intent.action.SERVICE
ADDED from [proj.android-studio:push:unspecified] AndroidManifest.xml:32:13-34:29
action#com.taobao.accs.intent.action.SERVICE
ADDED from [proj.android-studio:push:unspecified] AndroidManifest.xml:33:17-80
	android:name
		ADDED from [proj.android-studio:push:unspecified] AndroidManifest.xml:33:25-77
intent-filter#com.taobao.accs.intent.action.ELECTION
ADDED from [proj.android-studio:push:unspecified] AndroidManifest.xml:35:13-37:29
action#com.taobao.accs.intent.action.ELECTION
ADDED from [proj.android-studio:push:unspecified] AndroidManifest.xml:36:17-81
	android:name
		ADDED from [proj.android-studio:push:unspecified] AndroidManifest.xml:36:25-78
service#com.taobao.accs.data.MsgDistributeService
ADDED from [proj.android-studio:push:unspecified] AndroidManifest.xml:39:9-45:19
	android:exported
		ADDED from [proj.android-studio:push:unspecified] AndroidManifest.xml:41:13-36
	android:name
		ADDED from [proj.android-studio:push:unspecified] AndroidManifest.xml:40:13-69
intent-filter#com.taobao.accs.intent.action.RECEIVE
ADDED from [proj.android-studio:push:unspecified] AndroidManifest.xml:42:13-44:29
action#com.taobao.accs.intent.action.RECEIVE
ADDED from [proj.android-studio:push:unspecified] AndroidManifest.xml:43:17-80
	android:name
		ADDED from [proj.android-studio:push:unspecified] AndroidManifest.xml:43:25-77
receiver#com.taobao.accs.EventReceiver
ADDED from [proj.android-studio:push:unspecified] AndroidManifest.xml:47:9-64:20
	android:process
		ADDED from [proj.android-studio:push:unspecified] AndroidManifest.xml:49:13-39
	android:name
		ADDED from [proj.android-studio:push:unspecified] AndroidManifest.xml:48:13-57
intent-filter#android.intent.action.BOOT_COMPLETED
ADDED from [proj.android-studio:push:unspecified] AndroidManifest.xml:50:13-52:29
action#android.intent.action.BOOT_COMPLETED
ADDED from [proj.android-studio:push:unspecified] AndroidManifest.xml:51:17-79
	android:name
		ADDED from [proj.android-studio:push:unspecified] AndroidManifest.xml:51:25-76
intent-filter#android.net.conn.CONNECTIVITY_CHANGE
ADDED from [proj.android-studio:push:unspecified] AndroidManifest.xml:53:13-55:29
action#android.net.conn.CONNECTIVITY_CHANGE
ADDED from [proj.android-studio:push:unspecified] AndroidManifest.xml:54:17-79
	android:name
		ADDED from [proj.android-studio:push:unspecified] AndroidManifest.xml:54:25-76
intent-filter#android.intent.action.PACKAGE_REMOVED
ADDED from [proj.android-studio:push:unspecified] AndroidManifest.xml:56:13-60:29
action#android.intent.action.PACKAGE_REMOVED
ADDED from [proj.android-studio:push:unspecified] AndroidManifest.xml:57:17-80
	android:name
		ADDED from [proj.android-studio:push:unspecified] AndroidManifest.xml:57:25-77
intent-filter#android.intent.action.USER_PRESENT
ADDED from [proj.android-studio:push:unspecified] AndroidManifest.xml:61:13-63:29
action#android.intent.action.USER_PRESENT
ADDED from [proj.android-studio:push:unspecified] AndroidManifest.xml:62:17-77
	android:name
		ADDED from [proj.android-studio:push:unspecified] AndroidManifest.xml:62:25-74
receiver#com.taobao.accs.ServiceReceiver
ADDED from [proj.android-studio:push:unspecified] AndroidManifest.xml:65:9-74:20
	android:process
		ADDED from [proj.android-studio:push:unspecified] AndroidManifest.xml:67:13-39
	android:name
		ADDED from [proj.android-studio:push:unspecified] AndroidManifest.xml:66:13-59
intent-filter#com.taobao.accs.intent.action.COMMAND
ADDED from [proj.android-studio:push:unspecified] AndroidManifest.xml:68:13-70:29
action#com.taobao.accs.intent.action.COMMAND
ADDED from [proj.android-studio:push:unspecified] AndroidManifest.xml:69:17-80
	android:name
		ADDED from [proj.android-studio:push:unspecified] AndroidManifest.xml:69:25-77
intent-filter#com.taobao.accs.intent.action.START_FROM_AGOO
ADDED from [proj.android-studio:push:unspecified] AndroidManifest.xml:71:13-73:29
action#com.taobao.accs.intent.action.START_FROM_AGOO
ADDED from [proj.android-studio:push:unspecified] AndroidManifest.xml:72:17-88
	android:name
		ADDED from [proj.android-studio:push:unspecified] AndroidManifest.xml:72:25-85
service#com.taobao.accs.ChannelService$KernelService
ADDED from [proj.android-studio:push:unspecified] AndroidManifest.xml:76:9-78:42
	android:process
		ADDED from [proj.android-studio:push:unspecified] AndroidManifest.xml:78:13-39
	android:name
		ADDED from [proj.android-studio:push:unspecified] AndroidManifest.xml:77:13-72
service#org.android.agoo.accs.AgooService
ADDED from [proj.android-studio:push:unspecified] AndroidManifest.xml:79:9-85:19
	android:exported
		ADDED from [proj.android-studio:push:unspecified] AndroidManifest.xml:81:13-36
	android:name
		ADDED from [proj.android-studio:push:unspecified] AndroidManifest.xml:80:13-61
service#com.umeng.message.UmengIntentService
ADDED from [proj.android-studio:push:unspecified] AndroidManifest.xml:86:9-93:19
	android:process
		ADDED from [proj.android-studio:push:unspecified] AndroidManifest.xml:89:13-39
	android:exported
		ADDED from [proj.android-studio:push:unspecified] AndroidManifest.xml:88:13-36
	android:name
		ADDED from [proj.android-studio:push:unspecified] AndroidManifest.xml:87:13-64
intent-filter#org.agoo.android.intent.action.RECEIVE
ADDED from [proj.android-studio:push:unspecified] AndroidManifest.xml:90:13-92:29
action#org.agoo.android.intent.action.RECEIVE
ADDED from [proj.android-studio:push:unspecified] AndroidManifest.xml:91:17-81
	android:name
		ADDED from [proj.android-studio:push:unspecified] AndroidManifest.xml:91:25-78
service#com.umeng.message.XiaomiIntentService
ADDED from [proj.android-studio:push:unspecified] AndroidManifest.xml:94:9-101:19
	android:process
		ADDED from [proj.android-studio:push:unspecified] AndroidManifest.xml:97:13-39
	android:exported
		ADDED from [proj.android-studio:push:unspecified] AndroidManifest.xml:96:13-36
	android:name
		ADDED from [proj.android-studio:push:unspecified] AndroidManifest.xml:95:13-65
receiver#com.taobao.agoo.AgooCommondReceiver
ADDED from [proj.android-studio:push:unspecified] AndroidManifest.xml:103:9-115:20
	android:process
		ADDED from [proj.android-studio:push:unspecified] AndroidManifest.xml:106:13-39
	android:exported
		ADDED from [proj.android-studio:push:unspecified] AndroidManifest.xml:105:13-36
	android:name
		ADDED from [proj.android-studio:push:unspecified] AndroidManifest.xml:104:13-63
intent-filter#${applicationId}.intent.action.COMMAND
ADDED from [proj.android-studio:push:unspecified] AndroidManifest.xml:107:13-109:29
action#${applicationId}.intent.action.COMMAND
ADDED from [proj.android-studio:push:unspecified] AndroidManifest.xml:108:17-81
	android:name
		ADDED from [proj.android-studio:push:unspecified] AndroidManifest.xml:108:25-78
service#com.umeng.message.UmengMessageIntentReceiverService
ADDED from [proj.android-studio:push:unspecified] AndroidManifest.xml:117:9-124:19
	android:process
		ADDED from [proj.android-studio:push:unspecified] AndroidManifest.xml:120:13-39
	android:exported
		ADDED from [proj.android-studio:push:unspecified] AndroidManifest.xml:119:13-36
	android:name
		ADDED from [proj.android-studio:push:unspecified] AndroidManifest.xml:118:13-79
intent-filter#org.android.agoo.client.MessageReceiverService
ADDED from [proj.android-studio:push:unspecified] AndroidManifest.xml:121:13-123:29
action#org.android.agoo.client.MessageReceiverService
ADDED from [proj.android-studio:push:unspecified] AndroidManifest.xml:122:17-89
	android:name
		ADDED from [proj.android-studio:push:unspecified] AndroidManifest.xml:122:25-86
receiver#com.umeng.message.NotificationProxyBroadcastReceiver
ADDED from [proj.android-studio:push:unspecified] AndroidManifest.xml:126:9-128:40
	android:exported
		ADDED from [proj.android-studio:push:unspecified] AndroidManifest.xml:128:13-37
	android:name
		ADDED from [proj.android-studio:push:unspecified] AndroidManifest.xml:127:13-80
service#com.umeng.message.UmengMessageCallbackHandlerService
ADDED from [proj.android-studio:push:unspecified] AndroidManifest.xml:130:9-148:19
	android:exported
		ADDED from [proj.android-studio:push:unspecified] AndroidManifest.xml:132:13-37
	android:name
		ADDED from [proj.android-studio:push:unspecified] AndroidManifest.xml:131:13-80
intent-filter#com.umeng.messge.registercallback.action
ADDED from [proj.android-studio:push:unspecified] AndroidManifest.xml:133:13-135:29
action#com.umeng.messge.registercallback.action
ADDED from [proj.android-studio:push:unspecified] AndroidManifest.xml:134:17-83
	android:name
		ADDED from [proj.android-studio:push:unspecified] AndroidManifest.xml:134:25-80
intent-filter#com.umeng.message.enablecallback.action
ADDED from [proj.android-studio:push:unspecified] AndroidManifest.xml:136:13-138:29
action#com.umeng.message.enablecallback.action
ADDED from [proj.android-studio:push:unspecified] AndroidManifest.xml:137:17-82
	android:name
		ADDED from [proj.android-studio:push:unspecified] AndroidManifest.xml:137:25-79
intent-filter#com.umeng.message.disablecallback.action
ADDED from [proj.android-studio:push:unspecified] AndroidManifest.xml:139:13-141:29
action#com.umeng.message.disablecallback.action
ADDED from [proj.android-studio:push:unspecified] AndroidManifest.xml:140:17-83
	android:name
		ADDED from [proj.android-studio:push:unspecified] AndroidManifest.xml:140:25-80
intent-filter#com.umeng.message.message.handler.action
ADDED from [proj.android-studio:push:unspecified] AndroidManifest.xml:142:13-144:29
action#com.umeng.message.message.handler.action
ADDED from [proj.android-studio:push:unspecified] AndroidManifest.xml:143:17-83
	android:name
		ADDED from [proj.android-studio:push:unspecified] AndroidManifest.xml:143:25-80
intent-filter#com.umeng.message.message.sendmessage.action
ADDED from [proj.android-studio:push:unspecified] AndroidManifest.xml:145:13-147:29
action#com.umeng.message.message.sendmessage.action
ADDED from [proj.android-studio:push:unspecified] AndroidManifest.xml:146:17-87
	android:name
		ADDED from [proj.android-studio:push:unspecified] AndroidManifest.xml:146:25-84
service#com.umeng.message.UmengDownloadResourceService
ADDED from [proj.android-studio:push:unspecified] AndroidManifest.xml:149:9-151:40
	android:exported
		ADDED from [proj.android-studio:push:unspecified] AndroidManifest.xml:151:13-37
	android:name
		ADDED from [proj.android-studio:push:unspecified] AndroidManifest.xml:150:13-74
provider#com.umeng.message.provider.MessageProvider
ADDED from [proj.android-studio:push:unspecified] AndroidManifest.xml:153:9-158:20
	android:authorities
		ADDED from [proj.android-studio:push:unspecified] AndroidManifest.xml:155:13-65
	android:exported
		ADDED from [proj.android-studio:push:unspecified] AndroidManifest.xml:156:13-37
	android:name
		ADDED from [proj.android-studio:push:unspecified] AndroidManifest.xml:154:13-70
grant-uri-permission
ADDED from [proj.android-studio:push:unspecified] AndroidManifest.xml:157:13-62
	android:pathPattern
		ADDED from [proj.android-studio:push:unspecified] AndroidManifest.xml:157:35-59